2023-02-26T13:25:40.531+03:00  INFO 6252 --- [main] com.marmuz.spring.ApplicationRunner      : Starting ApplicationRunner using Java 17.0.5 with PID 6252 (C:\Users\Admin\IdeaProjects\spring-course-dmdev\build\classes\java\main started by Admin in C:\Users\Admin\IdeaProjects\spring-course-dmdev)
2023-02-26T13:25:40.643+03:00  INFO 6252 --- [main] com.marmuz.spring.ApplicationRunner      : The following 1 profile is active: "qa"
2023-02-26T13:25:43.195+03:00  INFO 6252 --- [main] .s.d.r.c.RepositoryConfigurationDelegate : Bootstrapping Spring Data JPA repositories in DEFAULT mode.
2023-02-26T13:25:43.473+03:00  INFO 6252 --- [main] .s.d.r.c.RepositoryConfigurationDelegate : Finished Spring Data repository scanning in 252 ms. Found 2 JPA repository interfaces.
2023-02-26T13:25:46.624+03:00  INFO 6252 --- [main] o.s.b.w.embedded.tomcat.TomcatWebServer  : Tomcat initialized with port(s): 8080 (http)
2023-02-26T13:25:46.666+03:00  INFO 6252 --- [main] o.apache.catalina.core.StandardService   : Starting service [Tomcat]
2023-02-26T13:25:46.668+03:00  INFO 6252 --- [main] o.apache.catalina.core.StandardEngine    : Starting Servlet engine: [Apache Tomcat/10.1.5]
2023-02-26T13:25:47.541+03:00  INFO 6252 --- [main] org.apache.jasper.servlet.TldScanner     : At least one JAR was scanned for TLDs yet contained no TLDs. Enable debug logging for this logger for a complete list of JARs that were scanned but no TLDs were found in them. Skipping unneeded JARs during scanning can improve startup time and JSP compilation time.
2023-02-26T13:25:47.553+03:00  INFO 6252 --- [main] o.a.c.c.C.[Tomcat].[localhost].[/]       : Initializing Spring embedded WebApplicationContext
2023-02-26T13:25:47.556+03:00  INFO 6252 --- [main] w.s.c.ServletWebServerApplicationContext : Root WebApplicationContext: initialization completed in 6522 ms
2023-02-26T13:25:48.291+03:00  INFO 6252 --- [main] com.zaxxer.hikari.HikariDataSource       : HikariPool-1 - Starting...
2023-02-26T13:25:49.875+03:00  INFO 6252 --- [main] com.zaxxer.hikari.pool.HikariPool        : HikariPool-1 - Added connection org.postgresql.jdbc.PgConnection@50b734c4
2023-02-26T13:25:49.880+03:00  INFO 6252 --- [main] com.zaxxer.hikari.HikariDataSource       : HikariPool-1 - Start completed.
2023-02-26T13:25:51.271+03:00  INFO 6252 --- [main] liquibase.database                       : Set default schema name to public
2023-02-26T13:25:52.010+03:00  INFO 6252 --- [main] liquibase.lockservice                    : Successfully acquired change log lock
2023-02-26T13:25:53.303+03:00  INFO 6252 --- [main] liquibase.changelog                      : Reading from public.databasechangelog
2023-02-26T13:25:53.541+03:00  INFO 6252 --- [main] liquibase.lockservice                    : Successfully released change log lock
2023-02-26T13:25:54.564+03:00  INFO 6252 --- [main] o.hibernate.jpa.internal.util.LogHelper  : HHH000204: Processing PersistenceUnitInfo [name: default]
2023-02-26T13:25:55.195+03:00  INFO 6252 --- [main] org.hibernate.Version                    : HHH000412: Hibernate ORM core version 6.1.6.Final
2023-02-26T13:25:56.479+03:00  WARN 6252 --- [main] org.hibernate.orm.deprecation            : HHH90000021: Encountered deprecated setting [javax.persistence.sharedCache.mode], use [jakarta.persistence.sharedCache.mode] instead
2023-02-26T13:25:57.342+03:00  INFO 6252 --- [main] SQL dialect                              : HHH000400: Using dialect: org.hibernate.dialect.PostgreSQLDialect
2023-02-26T13:25:57.477+03:00  INFO 6252 --- [main] o.h.e.boot.internal.EnversServiceImpl    : Envers integration enabled? : true
2023-02-26T13:25:58.505+03:00  INFO 6252 --- [main] o.h.e.c.i.m.AuditMetadataGenerator       : Adding properties for entity: com.marmuz.spring.database.entity.User
2023-02-26T13:25:58.538+03:00  INFO 6252 --- [main] .e.b.i.AdditionalJaxbMappingProducerImpl : Adding JAXB document mapping
2023-02-26T13:25:59.545+03:00  INFO 6252 --- [main] org.hibernate.envers.boot                : HHH90005601: Envers-generated HBM mapping...
<?xml version="1.0" encoding="UTF-8" standalone="yes"?>
<hibernate-mapping auto-import="false" xmlns="http://www.hibernate.org/xsd/orm/hbm">
    <class discriminator-value="User" table="users_AUD" entity-name="com.marmuz.spring.database.entity.User_AUD" abstract="false">
        <composite-id name="originalId">
            <key-property name="id">
                <column name="id"/>
                <type name="long">
                    <param name="org.hibernate.type.ParameterType.primaryKey">false</param>
                    <param name="org.hibernate.type.ParameterType.dynamic">true</param>
                    <param name="org.hibernate.type.ParameterType.returnedClass">java.lang.Long</param>
                    <param name="org.hibernate.type.ParameterType.accessType">field</param>
                    <param name="org.hibernate.type.ParameterType.entityClass">com.marmuz.spring.database.entity.User</param>
                    <param name="org.hibernate.type.ParameterType.propertyName">id</param>
                </type>
            </key-property>
            <key-many-to-one class="com.marmuz.spring.database.entity.Revision" name="REV">
                <column name="REV"/>
            </key-many-to-one>
        </composite-id>
        <property insert="true" name="REVTYPE" type="org.hibernate.envers.internal.entities.RevisionTypeType" update="false"/>
        <property insert="true" name="birthDate" update="false">
            <column name="birth_date"/>
            <type name="LocalDate">
                <param name="org.hibernate.type.ParameterType.primaryKey">false</param>
                <param name="org.hibernate.type.ParameterType.dynamic">true</param>
                <param name="org.hibernate.type.ParameterType.returnedClass">java.time.LocalDate</param>
                <param name="org.hibernate.type.ParameterType.accessType">field</param>
                <param name="org.hibernate.type.ParameterType.entityClass">com.marmuz.spring.database.entity.User</param>
                <param name="org.hibernate.type.ParameterType.propertyName">birthDate</param>
            </type>
        </property>
        <property insert="true" name="firstname" update="false">
            <column name="firstname"/>
            <type name="string">
                <param name="org.hibernate.type.ParameterType.primaryKey">false</param>
                <param name="org.hibernate.type.ParameterType.dynamic">true</param>
                <param name="org.hibernate.type.ParameterType.returnedClass">java.lang.String</param>
                <param name="org.hibernate.type.ParameterType.accessType">field</param>
                <param name="org.hibernate.type.ParameterType.entityClass">com.marmuz.spring.database.entity.User</param>
                <param name="org.hibernate.type.ParameterType.propertyName">firstname</param>
            </type>
        </property>
        <property insert="true" name="lastname" update="false">
            <column name="lastname"/>
            <type name="string">
                <param name="org.hibernate.type.ParameterType.primaryKey">false</param>
                <param name="org.hibernate.type.ParameterType.dynamic">true</param>
                <param name="org.hibernate.type.ParameterType.returnedClass">java.lang.String</param>
                <param name="org.hibernate.type.ParameterType.accessType">field</param>
                <param name="org.hibernate.type.ParameterType.entityClass">com.marmuz.spring.database.entity.User</param>
                <param name="org.hibernate.type.ParameterType.propertyName">lastname</param>
            </type>
        </property>
        <property insert="true" name="role" update="false">
            <column name="role"/>
            <type name="org.hibernate.type.EnumType">
                <param name="enumClass">com.marmuz.spring.database.entity.Role</param>
                <param name="useNamed">true</param>
            </type>
        </property>
        <property insert="true" name="username" update="false">
            <column length="255" name="username"/>
            <type name="string">
                <param name="org.hibernate.type.ParameterType.primaryKey">false</param>
                <param name="org.hibernate.type.ParameterType.dynamic">true</param>
                <param name="org.hibernate.type.ParameterType.returnedClass">java.lang.String</param>
                <param name="org.hibernate.type.ParameterType.accessType">field</param>
                <param name="org.hibernate.type.ParameterType.entityClass">com.marmuz.spring.database.entity.User</param>
                <param name="org.hibernate.type.ParameterType.propertyName">username</param>
            </type>
        </property>
        <property insert="true" name="company_id" update="false">
            <column name="company_id"/>
            <type name="integer">
                <param name="org.hibernate.type.ParameterType.primaryKey">false</param>
                <param name="org.hibernate.type.ParameterType.dynamic">true</param>
                <param name="org.hibernate.type.ParameterType.returnedClass">java.lang.Integer</param>
                <param name="org.hibernate.type.ParameterType.accessType">field</param>
                <param name="org.hibernate.type.ParameterType.entityClass">com.marmuz.spring.database.entity.Company</param>
                <param name="org.hibernate.type.ParameterType.propertyName">id</param>
            </type>
        </property>
    </class>
</hibernate-mapping>

2023-02-26T13:26:03.588+03:00  INFO 6252 --- [main] o.h.e.t.j.p.i.JtaPlatformInitiator       : HHH000490: Using JtaPlatform implementation: [org.hibernate.engine.transaction.jta.platform.internal.NoJtaPlatform]
2023-02-26T13:26:03.635+03:00  INFO 6252 --- [main] j.LocalContainerEntityManagerFactoryBean : Initialized JPA EntityManagerFactory for persistence unit 'default'
2023-02-26T13:26:03.654+03:00  INFO 6252 --- [main] c.m.spring.database.pool.ConnectionPool  : Init connection pool
2023-02-26T13:26:06.903+03:00  INFO 6252 --- [main] c.m.spring.database.pool.ConnectionPool  : Init connection pool
2023-02-26T13:26:06.904+03:00  INFO 6252 --- [main] c.m.spring.database.pool.ConnectionPool  : Init connection pool
2023-02-26T13:26:07.040+03:00  WARN 6252 --- [main] JpaBaseConfiguration$JpaWebConfiguration : spring.jpa.open-in-view is enabled by default. Therefore, database queries may be performed during view rendering. Explicitly configure spring.jpa.open-in-view to disable this warning
2023-02-26T13:26:07.561+03:00  WARN 6252 --- [main] ConfigServletWebServerApplicationContext : Exception encountered during context initialization - cancelling refresh attempt: org.springframework.beans.factory.BeanCreationException: Error creating bean with name 'requestMappingHandlerMapping' defined in class path resource [org/springframework/boot/autoconfigure/web/servlet/WebMvcAutoConfiguration$EnableWebMvcConfiguration.class]: Ambiguous mapping. Cannot map 'greetingController' method 
com.marmuz.spring.http.controller.GreetingController#hello(ModelAndView)
to {GET []}: There is already 'greetingController' bean method
com.marmuz.spring.http.controller.GreetingController#bye(ModelAndView) mapped.
2023-02-26T13:26:07.570+03:00  INFO 6252 --- [main] c.m.spring.database.pool.ConnectionPool  : Clean connection pool
2023-02-26T13:26:07.571+03:00  INFO 6252 --- [main] c.m.spring.database.pool.ConnectionPool  : Clean connection pool
2023-02-26T13:26:07.577+03:00  INFO 6252 --- [main] c.m.spring.database.pool.ConnectionPool  : Clean connection pool
2023-02-26T13:26:07.578+03:00  INFO 6252 --- [main] j.LocalContainerEntityManagerFactoryBean : Closing JPA EntityManagerFactory for persistence unit 'default'
2023-02-26T13:26:07.582+03:00  INFO 6252 --- [main] com.zaxxer.hikari.HikariDataSource       : HikariPool-1 - Shutdown initiated...
2023-02-26T13:26:07.623+03:00  INFO 6252 --- [main] com.zaxxer.hikari.HikariDataSource       : HikariPool-1 - Shutdown completed.
2023-02-26T13:26:07.628+03:00  INFO 6252 --- [main] o.apache.catalina.core.StandardService   : Stopping service [Tomcat]
2023-02-26T13:26:07.695+03:00  INFO 6252 --- [main] .s.b.a.l.ConditionEvaluationReportLogger : 

Error starting ApplicationContext. To display the condition evaluation report re-run your application with 'debug' enabled.
2023-02-26T13:26:07.782+03:00 ERROR 6252 --- [main] o.s.boot.SpringApplication               : Application run failed

org.springframework.beans.factory.BeanCreationException: Error creating bean with name 'requestMappingHandlerMapping' defined in class path resource [org/springframework/boot/autoconfigure/web/servlet/WebMvcAutoConfiguration$EnableWebMvcConfiguration.class]: Ambiguous mapping. Cannot map 'greetingController' method 
com.marmuz.spring.http.controller.GreetingController#hello(ModelAndView)
to {GET []}: There is already 'greetingController' bean method
com.marmuz.spring.http.controller.GreetingController#bye(ModelAndView) mapped.
	at org.springframework.beans.factory.support.AbstractAutowireCapableBeanFactory.initializeBean(AbstractAutowireCapableBeanFactory.java:1751) ~[spring-beans-6.0.4.jar:6.0.4]
	at org.springframework.beans.factory.support.AbstractAutowireCapableBeanFactory.doCreateBean(AbstractAutowireCapableBeanFactory.java:599) ~[spring-beans-6.0.4.jar:6.0.4]
	at org.springframework.beans.factory.support.AbstractAutowireCapableBeanFactory.createBean(AbstractAutowireCapableBeanFactory.java:521) ~[spring-beans-6.0.4.jar:6.0.4]
	at org.springframework.beans.factory.support.AbstractBeanFactory.lambda$doGetBean$0(AbstractBeanFactory.java:326) ~[spring-beans-6.0.4.jar:6.0.4]
	at org.springframework.beans.factory.support.DefaultSingletonBeanRegistry.getSingleton(DefaultSingletonBeanRegistry.java:234) ~[spring-beans-6.0.4.jar:6.0.4]
	at org.springframework.beans.factory.support.AbstractBeanFactory.doGetBean(AbstractBeanFactory.java:324) ~[spring-beans-6.0.4.jar:6.0.4]
	at org.springframework.beans.factory.support.AbstractBeanFactory.getBean(AbstractBeanFactory.java:200) ~[spring-beans-6.0.4.jar:6.0.4]
	at org.springframework.beans.factory.support.DefaultListableBeanFactory.preInstantiateSingletons(DefaultListableBeanFactory.java:961) ~[spring-beans-6.0.4.jar:6.0.4]
	at org.springframework.context.support.AbstractApplicationContext.finishBeanFactoryInitialization(AbstractApplicationContext.java:915) ~[spring-context-6.0.4.jar:6.0.4]
	at org.springframework.context.support.AbstractApplicationContext.refresh(AbstractApplicationContext.java:584) ~[spring-context-6.0.4.jar:6.0.4]
	at org.springframework.boot.web.servlet.context.ServletWebServerApplicationContext.refresh(ServletWebServerApplicationContext.java:146) ~[spring-boot-3.0.2.jar:3.0.2]
	at org.springframework.boot.SpringApplication.refresh(SpringApplication.java:730) ~[spring-boot-3.0.2.jar:3.0.2]
	at org.springframework.boot.SpringApplication.refreshContext(SpringApplication.java:432) ~[spring-boot-3.0.2.jar:3.0.2]
	at org.springframework.boot.SpringApplication.run(SpringApplication.java:308) ~[spring-boot-3.0.2.jar:3.0.2]
	at org.springframework.boot.SpringApplication.run(SpringApplication.java:1302) ~[spring-boot-3.0.2.jar:3.0.2]
	at org.springframework.boot.SpringApplication.run(SpringApplication.java:1291) ~[spring-boot-3.0.2.jar:3.0.2]
	at com.marmuz.spring.ApplicationRunner.main(ApplicationRunner.java:13) ~[main/:na]
Caused by: java.lang.IllegalStateException: Ambiguous mapping. Cannot map 'greetingController' method 
com.marmuz.spring.http.controller.GreetingController#hello(ModelAndView)
to {GET []}: There is already 'greetingController' bean method
com.marmuz.spring.http.controller.GreetingController#bye(ModelAndView) mapped.
	at org.springframework.web.servlet.handler.AbstractHandlerMethodMapping$MappingRegistry.validateMethodMapping(AbstractHandlerMethodMapping.java:667) ~[spring-webmvc-6.0.4.jar:6.0.4]
	at org.springframework.web.servlet.handler.AbstractHandlerMethodMapping$MappingRegistry.register(AbstractHandlerMethodMapping.java:633) ~[spring-webmvc-6.0.4.jar:6.0.4]
	at org.springframework.web.servlet.handler.AbstractHandlerMethodMapping.registerHandlerMethod(AbstractHandlerMethodMapping.java:331) ~[spring-webmvc-6.0.4.jar:6.0.4]
	at org.springframework.web.servlet.mvc.method.annotation.RequestMappingHandlerMapping.registerHandlerMethod(RequestMappingHandlerMapping.java:438) ~[spring-webmvc-6.0.4.jar:6.0.4]
	at org.springframework.web.servlet.mvc.method.annotation.RequestMappingHandlerMapping.registerHandlerMethod(RequestMappingHandlerMapping.java:76) ~[spring-webmvc-6.0.4.jar:6.0.4]
	at org.springframework.web.servlet.handler.AbstractHandlerMethodMapping.lambda$detectHandlerMethods$2(AbstractHandlerMethodMapping.java:298) ~[spring-webmvc-6.0.4.jar:6.0.4]
	at java.base/java.util.LinkedHashMap.forEach(LinkedHashMap.java:721) ~[na:na]
	at org.springframework.web.servlet.handler.AbstractHandlerMethodMapping.detectHandlerMethods(AbstractHandlerMethodMapping.java:296) ~[spring-webmvc-6.0.4.jar:6.0.4]
	at org.springframework.web.servlet.handler.AbstractHandlerMethodMapping.processCandidateBean(AbstractHandlerMethodMapping.java:265) ~[spring-webmvc-6.0.4.jar:6.0.4]
	at org.springframework.web.servlet.handler.AbstractHandlerMethodMapping.initHandlerMethods(AbstractHandlerMethodMapping.java:224) ~[spring-webmvc-6.0.4.jar:6.0.4]
	at org.springframework.web.servlet.handler.AbstractHandlerMethodMapping.afterPropertiesSet(AbstractHandlerMethodMapping.java:212) ~[spring-webmvc-6.0.4.jar:6.0.4]
	at org.springframework.web.servlet.mvc.method.annotation.RequestMappingHandlerMapping.afterPropertiesSet(RequestMappingHandlerMapping.java:225) ~[spring-webmvc-6.0.4.jar:6.0.4]
	at org.springframework.beans.factory.support.AbstractAutowireCapableBeanFactory.invokeInitMethods(AbstractAutowireCapableBeanFactory.java:1797) ~[spring-beans-6.0.4.jar:6.0.4]
	at org.springframework.beans.factory.support.AbstractAutowireCapableBeanFactory.initializeBean(AbstractAutowireCapableBeanFactory.java:1747) ~[spring-beans-6.0.4.jar:6.0.4]
	... 16 common frames omitted

2023-02-26T13:29:24.158+03:00  INFO 13180 --- [main] com.marmuz.spring.ApplicationRunner      : Starting ApplicationRunner using Java 17.0.5 with PID 13180 (C:\Users\Admin\IdeaProjects\spring-course-dmdev\build\classes\java\main started by Admin in C:\Users\Admin\IdeaProjects\spring-course-dmdev)
2023-02-26T13:29:24.168+03:00  INFO 13180 --- [main] com.marmuz.spring.ApplicationRunner      : The following 1 profile is active: "qa"
2023-02-26T13:29:26.094+03:00  INFO 13180 --- [main] .s.d.r.c.RepositoryConfigurationDelegate : Bootstrapping Spring Data JPA repositories in DEFAULT mode.
2023-02-26T13:29:26.367+03:00  INFO 13180 --- [main] .s.d.r.c.RepositoryConfigurationDelegate : Finished Spring Data repository scanning in 240 ms. Found 2 JPA repository interfaces.
2023-02-26T13:29:28.923+03:00  INFO 13180 --- [main] o.s.b.w.embedded.tomcat.TomcatWebServer  : Tomcat initialized with port(s): 8080 (http)
2023-02-26T13:29:28.962+03:00  INFO 13180 --- [main] o.apache.catalina.core.StandardService   : Starting service [Tomcat]
2023-02-26T13:29:28.966+03:00  INFO 13180 --- [main] o.apache.catalina.core.StandardEngine    : Starting Servlet engine: [Apache Tomcat/10.1.5]
2023-02-26T13:29:29.571+03:00  INFO 13180 --- [main] org.apache.jasper.servlet.TldScanner     : At least one JAR was scanned for TLDs yet contained no TLDs. Enable debug logging for this logger for a complete list of JARs that were scanned but no TLDs were found in them. Skipping unneeded JARs during scanning can improve startup time and JSP compilation time.
2023-02-26T13:29:29.585+03:00  INFO 13180 --- [main] o.a.c.c.C.[Tomcat].[localhost].[/]       : Initializing Spring embedded WebApplicationContext
2023-02-26T13:29:29.586+03:00  INFO 13180 --- [main] w.s.c.ServletWebServerApplicationContext : Root WebApplicationContext: initialization completed in 5224 ms
2023-02-26T13:29:29.921+03:00  INFO 13180 --- [main] com.zaxxer.hikari.HikariDataSource       : HikariPool-1 - Starting...
2023-02-26T13:29:30.704+03:00  INFO 13180 --- [main] com.zaxxer.hikari.pool.HikariPool        : HikariPool-1 - Added connection org.postgresql.jdbc.PgConnection@7cf63b9a
2023-02-26T13:29:30.709+03:00  INFO 13180 --- [main] com.zaxxer.hikari.HikariDataSource       : HikariPool-1 - Start completed.
2023-02-26T13:29:31.270+03:00  INFO 13180 --- [main] liquibase.database                       : Set default schema name to public
2023-02-26T13:29:31.507+03:00  INFO 13180 --- [main] liquibase.lockservice                    : Successfully acquired change log lock
2023-02-26T13:29:31.896+03:00  INFO 13180 --- [main] liquibase.changelog                      : Reading from public.databasechangelog
2023-02-26T13:29:32.078+03:00  INFO 13180 --- [main] liquibase.lockservice                    : Successfully released change log lock
2023-02-26T13:29:32.369+03:00  INFO 13180 --- [main] o.hibernate.jpa.internal.util.LogHelper  : HHH000204: Processing PersistenceUnitInfo [name: default]
2023-02-26T13:29:32.637+03:00  INFO 13180 --- [main] org.hibernate.Version                    : HHH000412: Hibernate ORM core version 6.1.6.Final
2023-02-26T13:29:33.360+03:00  WARN 13180 --- [main] org.hibernate.orm.deprecation            : HHH90000021: Encountered deprecated setting [javax.persistence.sharedCache.mode], use [jakarta.persistence.sharedCache.mode] instead
2023-02-26T13:29:34.149+03:00  INFO 13180 --- [main] SQL dialect                              : HHH000400: Using dialect: org.hibernate.dialect.PostgreSQLDialect
2023-02-26T13:29:34.313+03:00  INFO 13180 --- [main] o.h.e.boot.internal.EnversServiceImpl    : Envers integration enabled? : true
2023-02-26T13:29:35.253+03:00  INFO 13180 --- [main] o.h.e.c.i.m.AuditMetadataGenerator       : Adding properties for entity: com.marmuz.spring.database.entity.User
2023-02-26T13:29:35.292+03:00  INFO 13180 --- [main] .e.b.i.AdditionalJaxbMappingProducerImpl : Adding JAXB document mapping
2023-02-26T13:29:36.359+03:00  INFO 13180 --- [main] org.hibernate.envers.boot                : HHH90005601: Envers-generated HBM mapping...
<?xml version="1.0" encoding="UTF-8" standalone="yes"?>
<hibernate-mapping auto-import="false" xmlns="http://www.hibernate.org/xsd/orm/hbm">
    <class discriminator-value="User" table="users_AUD" entity-name="com.marmuz.spring.database.entity.User_AUD" abstract="false">
        <composite-id name="originalId">
            <key-property name="id">
                <column name="id"/>
                <type name="long">
                    <param name="org.hibernate.type.ParameterType.primaryKey">false</param>
                    <param name="org.hibernate.type.ParameterType.dynamic">true</param>
                    <param name="org.hibernate.type.ParameterType.returnedClass">java.lang.Long</param>
                    <param name="org.hibernate.type.ParameterType.accessType">field</param>
                    <param name="org.hibernate.type.ParameterType.entityClass">com.marmuz.spring.database.entity.User</param>
                    <param name="org.hibernate.type.ParameterType.propertyName">id</param>
                </type>
            </key-property>
            <key-many-to-one class="com.marmuz.spring.database.entity.Revision" name="REV">
                <column name="REV"/>
            </key-many-to-one>
        </composite-id>
        <property insert="true" name="REVTYPE" type="org.hibernate.envers.internal.entities.RevisionTypeType" update="false"/>
        <property insert="true" name="birthDate" update="false">
            <column name="birth_date"/>
            <type name="LocalDate">
                <param name="org.hibernate.type.ParameterType.primaryKey">false</param>
                <param name="org.hibernate.type.ParameterType.dynamic">true</param>
                <param name="org.hibernate.type.ParameterType.returnedClass">java.time.LocalDate</param>
                <param name="org.hibernate.type.ParameterType.accessType">field</param>
                <param name="org.hibernate.type.ParameterType.entityClass">com.marmuz.spring.database.entity.User</param>
                <param name="org.hibernate.type.ParameterType.propertyName">birthDate</param>
            </type>
        </property>
        <property insert="true" name="firstname" update="false">
            <column name="firstname"/>
            <type name="string">
                <param name="org.hibernate.type.ParameterType.primaryKey">false</param>
                <param name="org.hibernate.type.ParameterType.dynamic">true</param>
                <param name="org.hibernate.type.ParameterType.returnedClass">java.lang.String</param>
                <param name="org.hibernate.type.ParameterType.accessType">field</param>
                <param name="org.hibernate.type.ParameterType.entityClass">com.marmuz.spring.database.entity.User</param>
                <param name="org.hibernate.type.ParameterType.propertyName">firstname</param>
            </type>
        </property>
        <property insert="true" name="lastname" update="false">
            <column name="lastname"/>
            <type name="string">
                <param name="org.hibernate.type.ParameterType.primaryKey">false</param>
                <param name="org.hibernate.type.ParameterType.dynamic">true</param>
                <param name="org.hibernate.type.ParameterType.returnedClass">java.lang.String</param>
                <param name="org.hibernate.type.ParameterType.accessType">field</param>
                <param name="org.hibernate.type.ParameterType.entityClass">com.marmuz.spring.database.entity.User</param>
                <param name="org.hibernate.type.ParameterType.propertyName">lastname</param>
            </type>
        </property>
        <property insert="true" name="role" update="false">
            <column name="role"/>
            <type name="org.hibernate.type.EnumType">
                <param name="enumClass">com.marmuz.spring.database.entity.Role</param>
                <param name="useNamed">true</param>
            </type>
        </property>
        <property insert="true" name="username" update="false">
            <column length="255" name="username"/>
            <type name="string">
                <param name="org.hibernate.type.ParameterType.primaryKey">false</param>
                <param name="org.hibernate.type.ParameterType.dynamic">true</param>
                <param name="org.hibernate.type.ParameterType.returnedClass">java.lang.String</param>
                <param name="org.hibernate.type.ParameterType.accessType">field</param>
                <param name="org.hibernate.type.ParameterType.entityClass">com.marmuz.spring.database.entity.User</param>
                <param name="org.hibernate.type.ParameterType.propertyName">username</param>
            </type>
        </property>
        <property insert="true" name="company_id" update="false">
            <column name="company_id"/>
            <type name="integer">
                <param name="org.hibernate.type.ParameterType.primaryKey">false</param>
                <param name="org.hibernate.type.ParameterType.dynamic">true</param>
                <param name="org.hibernate.type.ParameterType.returnedClass">java.lang.Integer</param>
                <param name="org.hibernate.type.ParameterType.accessType">field</param>
                <param name="org.hibernate.type.ParameterType.entityClass">com.marmuz.spring.database.entity.Company</param>
                <param name="org.hibernate.type.ParameterType.propertyName">id</param>
            </type>
        </property>
    </class>
</hibernate-mapping>

2023-02-26T13:29:42.338+03:00  INFO 13180 --- [main] o.h.e.t.j.p.i.JtaPlatformInitiator       : HHH000490: Using JtaPlatform implementation: [org.hibernate.engine.transaction.jta.platform.internal.NoJtaPlatform]
2023-02-26T13:29:42.422+03:00  INFO 13180 --- [main] j.LocalContainerEntityManagerFactoryBean : Initialized JPA EntityManagerFactory for persistence unit 'default'
2023-02-26T13:29:42.442+03:00  INFO 13180 --- [main] c.m.spring.database.pool.ConnectionPool  : Init connection pool
2023-02-26T13:29:45.124+03:00  INFO 13180 --- [main] c.m.spring.database.pool.ConnectionPool  : Init connection pool
2023-02-26T13:29:45.125+03:00  INFO 13180 --- [main] c.m.spring.database.pool.ConnectionPool  : Init connection pool
2023-02-26T13:29:45.273+03:00  WARN 13180 --- [main] JpaBaseConfiguration$JpaWebConfiguration : spring.jpa.open-in-view is enabled by default. Therefore, database queries may be performed during view rendering. Explicitly configure spring.jpa.open-in-view to disable this warning
2023-02-26T13:29:47.457+03:00  INFO 13180 --- [main] o.s.b.w.embedded.tomcat.TomcatWebServer  : Tomcat started on port(s): 8080 (http) with context path ''
2023-02-26T13:29:47.513+03:00  INFO 13180 --- [main] com.marmuz.spring.ApplicationRunner      : Started ApplicationRunner in 25.204 seconds (process running for 27.802)
2023-02-26T13:30:36.463+03:00  INFO 13180 --- [http-nio-8080-exec-1] o.a.c.c.C.[Tomcat].[localhost].[/]       : Initializing Spring DispatcherServlet 'dispatcherServlet'
2023-02-26T13:30:36.464+03:00  INFO 13180 --- [http-nio-8080-exec-1] o.s.web.servlet.DispatcherServlet        : Initializing Servlet 'dispatcherServlet'
2023-02-26T13:30:36.466+03:00  INFO 13180 --- [http-nio-8080-exec-1] o.s.web.servlet.DispatcherServlet        : Completed initialization in 2 ms
2023-02-26T13:30:40.629+03:00  WARN 13180 --- [http-nio-8080-exec-1] o.a.c.util.SessionIdGeneratorBase        : Creation of SecureRandom instance for session ID generation using [SHA1PRNG] took [133] milliseconds.
2023-02-26T13:31:02.115+03:00  INFO 13180 --- [SpringApplicationShutdownHook] c.m.spring.database.pool.ConnectionPool  : Clean connection pool
2023-02-26T13:31:02.117+03:00  INFO 13180 --- [SpringApplicationShutdownHook] c.m.spring.database.pool.ConnectionPool  : Clean connection pool
2023-02-26T13:31:02.119+03:00  INFO 13180 --- [SpringApplicationShutdownHook] c.m.spring.database.pool.ConnectionPool  : Clean connection pool
2023-02-26T13:31:02.120+03:00  INFO 13180 --- [SpringApplicationShutdownHook] j.LocalContainerEntityManagerFactoryBean : Closing JPA EntityManagerFactory for persistence unit 'default'
2023-02-26T13:31:02.123+03:00  INFO 13180 --- [SpringApplicationShutdownHook] com.zaxxer.hikari.HikariDataSource       : HikariPool-1 - Shutdown initiated...
2023-02-26T13:31:02.196+03:00  INFO 13180 --- [SpringApplicationShutdownHook] com.zaxxer.hikari.HikariDataSource       : HikariPool-1 - Shutdown completed.
